<?xml version="1.0" encoding="UTF-8"?>
<!-- Generated by org.testng.reporters.JUnitReportReporter -->
<testsuite hostname="manish" name="TestOutside" tests="1" failures="0" timestamp="27 May 2016 07:16:46 GMT" time="0.009" errors="0">
  <testcase name="testMethod" time="0.009" classname="TestOutside"/>
</testsuite> <!-- TestOutside -->
