<?xml version="1.0" encoding="UTF-8"?>
<!-- Generated by org.testng.reporters.JUnitReportReporter -->
<testsuite hostname="manish" name="com.manish.tngfactory.TestFactoryExec" tests="6" failures="0" timestamp="31 May 2016 06:18:15 GMT" time="0.008" errors="0">
  <testcase name="execTest" time="0.001" classname="com.manish.tngfactory.TestFactoryExec"/>
  <testcase name="execTest" time="0.000" classname="com.manish.tngfactory.TestFactoryExec"/>
  <testcase name="execTest" time="0.001" classname="com.manish.tngfactory.TestFactoryExec"/>
  <testcase name="execTest" time="0.000" classname="com.manish.tngfactory.TestFactoryExec"/>
  <testcase name="execTest" time="0.000" classname="com.manish.tngfactory.TestFactoryExec"/>
  <testcase name="execTest" time="0.006" classname="com.manish.tngfactory.TestFactoryExec"/>
</testsuite> <!-- com.manish.tngfactory.TestFactoryExec -->
