<?xml version="1.0" encoding="UTF-8"?>
<!-- Generated by org.testng.reporters.JUnitReportReporter -->
<testsuite hostname="manish" name="com.manish.tngfactory.TestNGFactory" tests="4" failures="0" timestamp="31 May 2016 13:04:09 GMT" time="0.006" errors="0">
  <testcase name="testMethodOne" time="0.001" classname="com.manish.tngfactory.TestNGFactory"/>
  <testcase name="testMethodTwo" time="0.005" classname="com.manish.tngfactory.TestNGFactory"/>
  <testcase name="testMethodOne" time="0.000" classname="com.manish.tngfactory.TestNGFactory"/>
  <testcase name="testMethodTwo" time="0.000" classname="com.manish.tngfactory.TestNGFactory"/>
</testsuite> <!-- com.manish.tngfactory.TestNGFactory -->
